[2018-11-15 10:10:09,459: WARNING/MainProcess] /home/nike/.local/share/virtualenvs/celery_demo-_gn2Ynay/lib/python3.6/site-packages/celery/apps/worker.py:161: CDeprecationWarning: 
Starting from version 3.2 Celery will refuse to accept pickle by default.

The pickle serializer is a security concern as it may give attackers
the ability to execute any command.  It's important to secure
your broker from unauthorized access when using pickle, so we think
that enabling pickle should require a deliberate action and not be
the default choice.

If you depend on pickle then you should set a setting to disable this
warning and to be sure that everything will continue working
when you upgrade to Celery 3.2::

    CELERY_ACCEPT_CONTENT = ['pickle', 'json', 'msgpack', 'yaml']

You must only enable the serializers that you will actually use.


  warnings.warn(CDeprecationWarning(W_PICKLE_DEPRECATED))
[2018-11-15 10:10:09,576: INFO/MainProcess] Connected to redis://localhost:6379/1
[2018-11-15 10:10:09,584: INFO/MainProcess] mingle: searching for neighbors
[2018-11-15 10:10:10,591: INFO/MainProcess] mingle: all alone
[2018-11-15 10:10:10,623: WARNING/MainProcess] /home/nike/.local/share/virtualenvs/celery_demo-_gn2Ynay/lib/python3.6/site-packages/djcelery/loaders.py:133: UserWarning: Using settings.DEBUG leads to a memory leak, never use this setting in production environments!
  warn('Using settings.DEBUG leads to a memory leak, never '
[2018-11-15 10:10:10,623: WARNING/MainProcess] celery@vm1804 ready.
[2018-11-15 10:10:14,447: INFO/MainProcess] Events of group {task} enabled by remote.
[2018-11-15 10:10:14,463: INFO/MainProcess] Received task: demo-task[6a4c5fb4-2cbe-41b9-b014-63df428c5cef]
[2018-11-15 10:10:14,470: WARNING/Worker-4] start task
[2018-11-15 10:10:18,475: WARNING/Worker-4] args: (1, 2), kwargs: {}
[2018-11-15 10:10:18,476: WARNING/Worker-4] end task
[2018-11-15 10:10:18,489: INFO/MainProcess] Task demo-task[6a4c5fb4-2cbe-41b9-b014-63df428c5cef] succeeded in 4.01909864299887s: None
[2018-11-15 10:10:19,466: INFO/MainProcess] Received task: demo-task[0647874b-63f9-40a1-b781-84ead12f0bac]
[2018-11-15 10:10:19,471: WARNING/Worker-2] start task
[2018-11-15 10:10:23,476: WARNING/Worker-2] args: (1, 2), kwargs: {}
[2018-11-15 10:10:23,476: WARNING/Worker-2] end task
[2018-11-15 10:10:23,491: INFO/MainProcess] Task demo-task[0647874b-63f9-40a1-b781-84ead12f0bac] succeeded in 4.019767260000663s: None
[2018-11-15 10:10:24,463: INFO/MainProcess] Received task: demo-task[6b327290-4ed1-4749-92b3-5bb3ee57884b]
[2018-11-15 10:10:24,467: WARNING/Worker-3] start task
[2018-11-15 10:10:28,469: WARNING/Worker-3] args: (1, 2), kwargs: {}
[2018-11-15 10:10:28,469: WARNING/Worker-3] end task
[2018-11-15 10:10:28,483: INFO/MainProcess] Task demo-task[6b327290-4ed1-4749-92b3-5bb3ee57884b] succeeded in 4.012906993999422s: None
[2018-11-15 10:10:29,466: INFO/MainProcess] Received task: demo-task[e5fe8e41-e8a8-4771-9b16-de8282a61fa9]
[2018-11-15 10:10:29,469: WARNING/Worker-1] start task
[2018-11-15 10:10:33,475: WARNING/Worker-1] args: (1, 2), kwargs: {}
[2018-11-15 10:10:33,475: WARNING/Worker-1] end task
[2018-11-15 10:10:33,488: INFO/MainProcess] Task demo-task[e5fe8e41-e8a8-4771-9b16-de8282a61fa9] succeeded in 4.017946568001207s: None
[2018-11-15 10:10:34,465: INFO/MainProcess] Received task: demo-task[13bd8cfe-6e15-4f73-8b70-1297da83b4bc]
[2018-11-15 10:10:34,466: WARNING/Worker-4] start task
[2018-11-15 10:10:38,469: WARNING/Worker-4] args: (1, 2), kwargs: {}
[2018-11-15 10:10:38,469: WARNING/Worker-4] end task
[2018-11-15 10:10:38,471: INFO/MainProcess] Task demo-task[13bd8cfe-6e15-4f73-8b70-1297da83b4bc] succeeded in 4.004207799000142s: None
[2018-11-15 10:10:39,468: INFO/MainProcess] Received task: demo-task[114322e1-eaed-47ff-bd42-18563571176a]
[2018-11-15 10:10:39,472: WARNING/Worker-2] start task
[2018-11-15 10:10:43,477: WARNING/Worker-2] args: (1, 2), kwargs: {}
[2018-11-15 10:10:43,477: WARNING/Worker-2] end task
[2018-11-15 10:10:43,487: INFO/MainProcess] Task demo-task[114322e1-eaed-47ff-bd42-18563571176a] succeeded in 4.010643047000485s: None
[2018-11-15 10:10:44,467: INFO/MainProcess] Received task: demo-task[efa2bd45-929e-4dd8-9aaf-170c96c04201]
[2018-11-15 10:10:44,470: WARNING/Worker-3] start task
[2018-11-15 10:10:48,476: WARNING/Worker-3] args: (1, 2), kwargs: {}
[2018-11-15 10:10:48,476: WARNING/Worker-3] end task
[2018-11-15 10:10:48,480: INFO/MainProcess] Task demo-task[efa2bd45-929e-4dd8-9aaf-170c96c04201] succeeded in 4.008829974998662s: None
[2018-11-15 10:10:49,470: INFO/MainProcess] Received task: demo-task[3a8e682e-0ce7-4dfd-b1e6-4a96d884f6c4]
[2018-11-15 10:10:49,473: WARNING/Worker-1] start task
[2018-11-15 10:10:53,477: WARNING/Worker-1] args: (1, 2), kwargs: {}
[2018-11-15 10:10:53,477: WARNING/Worker-1] end task
[2018-11-15 10:10:53,480: INFO/MainProcess] Task demo-task[3a8e682e-0ce7-4dfd-b1e6-4a96d884f6c4] succeeded in 4.006251728000279s: None
[2018-11-15 10:10:54,466: INFO/MainProcess] Received task: demo-task[61328315-df0a-496d-bef4-e8d16a4ec5fe]
[2018-11-15 10:10:54,467: WARNING/Worker-4] start task
[2018-11-15 10:10:58,470: WARNING/Worker-4] args: (1, 2), kwargs: {}
[2018-11-15 10:10:58,470: WARNING/Worker-4] end task
[2018-11-15 10:10:58,477: INFO/MainProcess] Task demo-task[61328315-df0a-496d-bef4-e8d16a4ec5fe] succeeded in 4.008827562000079s: None
[2018-11-15 10:10:59,473: INFO/MainProcess] Received task: demo-task[a6ed6ced-21b2-4b34-ad9d-9600d5ef9747]
[2018-11-15 10:10:59,478: WARNING/Worker-2] start task
[2018-11-15 10:11:03,483: WARNING/Worker-2] args: (1, 2), kwargs: {}
[2018-11-15 10:11:03,483: WARNING/Worker-2] end task
[2018-11-15 10:11:03,490: INFO/MainProcess] Task demo-task[a6ed6ced-21b2-4b34-ad9d-9600d5ef9747] succeeded in 4.011157925000589s: None
[2018-11-15 10:11:04,471: INFO/MainProcess] Received task: demo-task[76db0b86-6d27-49d2-a70e-9b4cd4a9cb30]
[2018-11-15 10:11:04,473: WARNING/Worker-3] start task
[2018-11-15 10:11:08,477: WARNING/Worker-3] args: (1, 2), kwargs: {}
[2018-11-15 10:11:08,477: WARNING/Worker-3] end task
[2018-11-15 10:11:08,479: INFO/MainProcess] Task demo-task[76db0b86-6d27-49d2-a70e-9b4cd4a9cb30] succeeded in 4.005266738999126s: None
[2018-11-15 10:11:09,473: INFO/MainProcess] Received task: demo-task[62e92f61-ff6d-4bc2-9551-ec570705fbfa]
[2018-11-15 10:11:09,476: WARNING/Worker-1] start task
[2018-11-15 10:11:13,481: WARNING/Worker-1] args: (1, 2), kwargs: {}
[2018-11-15 10:11:13,481: WARNING/Worker-1] end task
[2018-11-15 10:11:13,483: INFO/MainProcess] Task demo-task[62e92f61-ff6d-4bc2-9551-ec570705fbfa] succeeded in 4.006264052000915s: None
[2018-11-15 10:11:14,475: INFO/MainProcess] Received task: demo-task[ea87b303-fb02-4bd0-a1e5-bc9ae3b8f76f]
[2018-11-15 10:11:14,478: WARNING/Worker-4] start task
[2018-11-15 10:11:18,483: WARNING/Worker-4] args: (1, 2), kwargs: {}
[2018-11-15 10:11:18,483: WARNING/Worker-4] end task
[2018-11-15 10:11:18,485: INFO/MainProcess] Task demo-task[ea87b303-fb02-4bd0-a1e5-bc9ae3b8f76f] succeeded in 4.00713613500011s: None
[2018-11-15 10:11:19,471: INFO/MainProcess] Received task: demo-task[35584c49-7630-4b02-a2f5-18ddcd3599d8]
[2018-11-15 10:11:19,472: WARNING/Worker-2] start task
[2018-11-15 10:11:23,477: WARNING/Worker-2] args: (1, 2), kwargs: {}
[2018-11-15 10:11:23,477: WARNING/Worker-2] end task
[2018-11-15 10:11:23,480: INFO/MainProcess] Task demo-task[35584c49-7630-4b02-a2f5-18ddcd3599d8] succeeded in 4.007230584000354s: None
[2018-11-15 10:11:24,471: INFO/MainProcess] Received task: demo-task[94fcbf42-1b4f-400c-89f9-bf4c6b5be250]
[2018-11-15 10:11:24,472: WARNING/Worker-3] start task
[2018-11-15 10:11:28,475: WARNING/Worker-3] args: (1, 2), kwargs: {}
[2018-11-15 10:11:28,476: WARNING/Worker-3] end task
[2018-11-15 10:11:28,482: INFO/MainProcess] Task demo-task[94fcbf42-1b4f-400c-89f9-bf4c6b5be250] succeeded in 4.007962589999806s: None
[2018-11-15 10:11:29,476: INFO/MainProcess] Received task: demo-task[1364473a-2072-426f-a7fe-36ed6df30bac]
[2018-11-15 10:11:29,481: WARNING/Worker-1] start task
[2018-11-15 10:11:33,486: WARNING/Worker-1] args: (1, 2), kwargs: {}
[2018-11-15 10:11:33,487: WARNING/Worker-1] end task
[2018-11-15 10:11:33,493: INFO/MainProcess] Task demo-task[1364473a-2072-426f-a7fe-36ed6df30bac] succeeded in 4.0114580700010265s: None
[2018-11-15 10:11:34,475: INFO/MainProcess] Received task: demo-task[63d422a6-9da1-4212-95c3-057507ae49c4]
[2018-11-15 10:11:34,478: WARNING/Worker-4] start task
[2018-11-15 10:11:38,483: WARNING/Worker-4] args: (1, 2), kwargs: {}
[2018-11-15 10:11:38,484: WARNING/Worker-4] end task
[2018-11-15 10:11:38,491: INFO/MainProcess] Task demo-task[63d422a6-9da1-4212-95c3-057507ae49c4] succeeded in 4.011067681001805s: None
[2018-11-15 10:11:39,481: INFO/MainProcess] Received task: demo-task[03eecfc9-50ed-45ba-86df-e62c8661c2d0]
[2018-11-15 10:11:39,487: WARNING/Worker-2] start task
[2018-11-15 10:11:43,493: WARNING/Worker-2] args: (1, 2), kwargs: {}
[2018-11-15 10:11:43,493: WARNING/Worker-2] end task
[2018-11-15 10:11:43,499: INFO/MainProcess] Task demo-task[03eecfc9-50ed-45ba-86df-e62c8661c2d0] succeeded in 4.011143444999107s: None
[2018-11-15 10:11:44,481: INFO/MainProcess] Received task: demo-task[55c6fbcd-da27-4ee5-91f2-3fb8759b3bf3]
[2018-11-15 10:11:44,486: WARNING/Worker-3] start task
[2018-11-15 10:11:48,491: WARNING/Worker-3] args: (1, 2), kwargs: {}
[2018-11-15 10:11:48,492: WARNING/Worker-3] end task
[2018-11-15 10:11:48,496: INFO/MainProcess] Task demo-task[55c6fbcd-da27-4ee5-91f2-3fb8759b3bf3] succeeded in 4.009044062999237s: None
[2018-11-15 10:11:49,483: INFO/MainProcess] Received task: demo-task[a464e3e2-ce60-4e24-b0b9-0be6378545dd]
[2018-11-15 10:11:49,490: WARNING/Worker-1] start task
[2018-11-15 10:11:53,495: WARNING/Worker-1] args: (1, 2), kwargs: {}
[2018-11-15 10:11:53,496: WARNING/Worker-1] end task
[2018-11-15 10:11:53,504: INFO/MainProcess] Task demo-task[a464e3e2-ce60-4e24-b0b9-0be6378545dd] succeeded in 4.011940938000407s: None
[2018-11-15 10:11:54,486: INFO/MainProcess] Received task: demo-task[4eef46dd-7907-4aa9-ac8d-26f830dca4f9]
[2018-11-15 10:11:54,491: WARNING/Worker-4] start task
[2018-11-15 10:11:58,497: WARNING/Worker-4] args: (1, 2), kwargs: {}
[2018-11-15 10:11:58,497: WARNING/Worker-4] end task
[2018-11-15 10:11:58,504: INFO/MainProcess] Task demo-task[4eef46dd-7907-4aa9-ac8d-26f830dca4f9] succeeded in 4.011847240000861s: None
[2018-11-15 10:11:59,481: INFO/MainProcess] Received task: demo-task[0e72e38b-661c-4c1a-b07c-103533da58a6]
[2018-11-15 10:11:59,482: WARNING/Worker-2] start task
[2018-11-15 10:12:03,486: WARNING/Worker-2] args: (1, 2), kwargs: {}
[2018-11-15 10:12:03,487: WARNING/Worker-2] end task
[2018-11-15 10:12:03,491: INFO/MainProcess] Task demo-task[0e72e38b-661c-4c1a-b07c-103533da58a6] succeeded in 4.007952675001434s: None
[2018-11-15 10:12:04,486: INFO/MainProcess] Received task: demo-task[db422def-398b-4532-9ae1-cace44162838]
[2018-11-15 10:12:04,489: WARNING/Worker-3] start task
[2018-11-15 10:12:08,494: WARNING/Worker-3] args: (1, 2), kwargs: {}
[2018-11-15 10:12:08,495: WARNING/Worker-3] end task

worker: Warm shutdown (MainProcess)
[2018-11-15 10:12:08,510: INFO/MainProcess] Task demo-task[db422def-398b-4532-9ae1-cace44162838] succeeded in 4.015816481000002s: None
[2018-11-15 10:12:32,194: WARNING/MainProcess] /home/nike/.local/share/virtualenvs/celery_demo-_gn2Ynay/lib/python3.6/site-packages/celery/apps/worker.py:161: CDeprecationWarning: 
Starting from version 3.2 Celery will refuse to accept pickle by default.

The pickle serializer is a security concern as it may give attackers
the ability to execute any command.  It's important to secure
your broker from unauthorized access when using pickle, so we think
that enabling pickle should require a deliberate action and not be
the default choice.

If you depend on pickle then you should set a setting to disable this
warning and to be sure that everything will continue working
when you upgrade to Celery 3.2::

    CELERY_ACCEPT_CONTENT = ['pickle', 'json', 'msgpack', 'yaml']

You must only enable the serializers that you will actually use.


  warnings.warn(CDeprecationWarning(W_PICKLE_DEPRECATED))
[2018-11-15 10:12:32,325: INFO/MainProcess] Connected to redis://localhost:6379/1
[2018-11-15 10:12:32,332: INFO/MainProcess] mingle: searching for neighbors
[2018-11-15 10:12:33,337: INFO/MainProcess] mingle: all alone
[2018-11-15 10:12:33,350: WARNING/MainProcess] /home/nike/.local/share/virtualenvs/celery_demo-_gn2Ynay/lib/python3.6/site-packages/djcelery/loaders.py:133: UserWarning: Using settings.DEBUG leads to a memory leak, never use this setting in production environments!
  warn('Using settings.DEBUG leads to a memory leak, never '
[2018-11-15 10:12:33,350: WARNING/MainProcess] celery@vm1804 ready.
[2018-11-15 10:12:33,926: INFO/MainProcess] Received task: demo-task[903d24f9-9ad6-467c-ac5c-3373af28fb82]
[2018-11-15 10:12:33,929: WARNING/Worker-4] start task
[2018-11-15 10:12:37,122: INFO/MainProcess] Events of group {task} enabled by remote.
[2018-11-15 10:12:37,151: INFO/MainProcess] Received task: demo-task[f4e93f08-c61b-4bb0-85b6-74f9d3ad55c0]
[2018-11-15 10:12:37,153: WARNING/Worker-2] start task
[2018-11-15 10:12:37,935: WARNING/Worker-4] args: (1, 2), kwargs: {}
[2018-11-15 10:12:37,935: WARNING/Worker-4] end task
[2018-11-15 10:12:37,942: INFO/MainProcess] Task demo-task[903d24f9-9ad6-467c-ac5c-3373af28fb82] succeeded in 4.013014746000408s: None
[2018-11-15 10:12:41,157: WARNING/Worker-2] args: (1, 2), kwargs: {}
[2018-11-15 10:12:41,157: WARNING/Worker-2] end task
[2018-11-15 10:12:41,161: INFO/MainProcess] Task demo-task[f4e93f08-c61b-4bb0-85b6-74f9d3ad55c0] succeeded in 4.007562203998532s: None
[2018-11-15 10:12:42,156: INFO/MainProcess] Received task: demo-task[d51a1584-449a-4d67-906e-3bc4731e4fd7]
[2018-11-15 10:12:42,168: WARNING/Worker-3] start task
[2018-11-15 10:12:46,173: WARNING/Worker-3] args: (1, 2), kwargs: {}
[2018-11-15 10:12:46,173: WARNING/Worker-3] end task
[2018-11-15 10:12:46,176: INFO/MainProcess] Task demo-task[d51a1584-449a-4d67-906e-3bc4731e4fd7] succeeded in 4.0088198039993586s: None
[2018-11-15 10:12:47,152: INFO/MainProcess] Received task: demo-task[101b8d93-e782-4849-9a71-39d61e951b19]
[2018-11-15 10:12:47,154: WARNING/Worker-1] start task
[2018-11-15 10:12:51,158: WARNING/Worker-1] args: (1, 2), kwargs: {}
[2018-11-15 10:12:51,159: WARNING/Worker-1] end task
[2018-11-15 10:12:51,171: INFO/MainProcess] Task demo-task[101b8d93-e782-4849-9a71-39d61e951b19] succeeded in 4.0159094570008165s: None
[2018-11-15 10:12:52,153: INFO/MainProcess] Received task: demo-task[5cdff309-6232-490c-8d33-b888babc7246]
[2018-11-15 10:12:52,155: WARNING/Worker-4] start task
[2018-11-15 10:12:56,160: WARNING/Worker-4] args: (1, 2), kwargs: {}
[2018-11-15 10:12:56,160: WARNING/Worker-4] end task
[2018-11-15 10:12:56,164: INFO/MainProcess] Task demo-task[5cdff309-6232-490c-8d33-b888babc7246] succeeded in 4.008384576000026s: None
[2018-11-15 10:12:57,152: INFO/MainProcess] Received task: demo-task[66645491-18b5-496c-8e01-44d2a7710457]
[2018-11-15 10:12:57,154: WARNING/Worker-2] start task
[2018-11-15 10:13:01,157: WARNING/Worker-2] args: (1, 2), kwargs: {}
[2018-11-15 10:13:01,157: WARNING/Worker-2] end task
[2018-11-15 10:13:01,163: INFO/MainProcess] Task demo-task[66645491-18b5-496c-8e01-44d2a7710457] succeeded in 4.008863506000125s: None
[2018-11-15 10:13:02,153: INFO/MainProcess] Received task: demo-task[d329ad29-7249-48ff-8273-0becf0c0c379]
[2018-11-15 10:13:02,154: WARNING/Worker-3] start task
[2018-11-15 10:13:06,159: WARNING/Worker-3] args: (1, 2), kwargs: {}
[2018-11-15 10:13:06,159: WARNING/Worker-3] end task
[2018-11-15 10:13:06,164: INFO/MainProcess] Task demo-task[d329ad29-7249-48ff-8273-0becf0c0c379] succeeded in 4.0087456479996035s: None
[2018-11-15 10:13:07,155: INFO/MainProcess] Received task: demo-task[a1d6a9f5-b58c-476b-b166-9508afbb5add]
[2018-11-15 10:13:07,158: WARNING/Worker-1] start task
[2018-11-15 10:13:11,163: WARNING/Worker-1] args: (1, 2), kwargs: {}
[2018-11-15 10:13:11,164: WARNING/Worker-1] end task
[2018-11-15 10:13:11,168: INFO/MainProcess] Task demo-task[a1d6a9f5-b58c-476b-b166-9508afbb5add] succeeded in 4.008796115998848s: None
[2018-11-15 10:13:12,153: INFO/MainProcess] Received task: demo-task[cd0379b1-86cb-40be-9e24-b85ff0b4bb51]
[2018-11-15 10:13:12,154: WARNING/Worker-4] start task
[2018-11-15 10:13:16,159: WARNING/Worker-4] args: (1, 2), kwargs: {}
[2018-11-15 10:13:16,159: WARNING/Worker-4] end task
[2018-11-15 10:13:16,166: INFO/MainProcess] Task demo-task[cd0379b1-86cb-40be-9e24-b85ff0b4bb51] succeeded in 4.01029539800038s: None
[2018-11-15 10:13:17,158: INFO/MainProcess] Received task: demo-task[009eec8e-ca3f-4a73-9df4-e8defda13e6b]
[2018-11-15 10:13:17,162: WARNING/Worker-2] start task
[2018-11-15 10:13:21,167: WARNING/Worker-2] args: (1, 2), kwargs: {}
[2018-11-15 10:13:21,167: WARNING/Worker-2] end task
[2018-11-15 10:13:21,170: INFO/MainProcess] Task demo-task[009eec8e-ca3f-4a73-9df4-e8defda13e6b] succeeded in 4.00759656199989s: None
[2018-11-15 10:13:22,154: INFO/MainProcess] Received task: demo-task[eaa6b4d6-b345-488d-8265-8b21c6b44b6f]
[2018-11-15 10:13:22,155: WARNING/Worker-3] start task
[2018-11-15 10:13:26,160: WARNING/Worker-3] args: (1, 2), kwargs: {}
[2018-11-15 10:13:26,161: WARNING/Worker-3] end task
[2018-11-15 10:13:26,164: INFO/MainProcess] Task demo-task[eaa6b4d6-b345-488d-8265-8b21c6b44b6f] succeeded in 4.007607837000251s: None
[2018-11-15 10:13:27,160: INFO/MainProcess] Received task: demo-task[46fbd3d7-73da-4750-8759-8d4db099053d]
[2018-11-15 10:13:27,165: WARNING/Worker-1] start task
[2018-11-15 10:13:31,169: WARNING/Worker-1] args: (1, 2), kwargs: {}
[2018-11-15 10:13:31,170: WARNING/Worker-1] end task
[2018-11-15 10:13:31,175: INFO/MainProcess] Task demo-task[46fbd3d7-73da-4750-8759-8d4db099053d] succeeded in 4.008989723999548s: None
[2018-11-15 10:13:32,155: INFO/MainProcess] Received task: demo-task[1916dc91-b9d5-430b-9948-0c372558cadf]
[2018-11-15 10:13:32,158: WARNING/Worker-4] start task
[2018-11-15 10:13:36,162: WARNING/Worker-4] args: (1, 2), kwargs: {}
[2018-11-15 10:13:36,163: WARNING/Worker-4] end task
[2018-11-15 10:13:36,169: INFO/MainProcess] Task demo-task[1916dc91-b9d5-430b-9948-0c372558cadf] succeeded in 4.009467107000091s: None
[2018-11-15 10:13:37,160: INFO/MainProcess] Received task: demo-task[c52f43d1-3239-4411-8a62-4ceec59326ca]
[2018-11-15 10:13:37,166: WARNING/Worker-2] start task
[2018-11-15 10:13:41,171: WARNING/Worker-2] args: (1, 2), kwargs: {}
[2018-11-15 10:13:41,171: WARNING/Worker-2] end task

worker: Warm shutdown (MainProcess)
[2018-11-15 10:13:41,657: INFO/MainProcess] Task demo-task[c52f43d1-3239-4411-8a62-4ceec59326ca] succeeded in 4.490198796998811s: None
[2018-11-15 10:16:58,706: WARNING/MainProcess] /home/nike/.local/share/virtualenvs/celery_demo-_gn2Ynay/lib/python3.6/site-packages/celery/apps/worker.py:161: CDeprecationWarning: 
Starting from version 3.2 Celery will refuse to accept pickle by default.

The pickle serializer is a security concern as it may give attackers
the ability to execute any command.  It's important to secure
your broker from unauthorized access when using pickle, so we think
that enabling pickle should require a deliberate action and not be
the default choice.

If you depend on pickle then you should set a setting to disable this
warning and to be sure that everything will continue working
when you upgrade to Celery 3.2::

    CELERY_ACCEPT_CONTENT = ['pickle', 'json', 'msgpack', 'yaml']

You must only enable the serializers that you will actually use.


  warnings.warn(CDeprecationWarning(W_PICKLE_DEPRECATED))
[2018-11-15 10:16:58,815: INFO/MainProcess] Connected to redis://localhost:6379/1
[2018-11-15 10:16:58,821: INFO/MainProcess] mingle: searching for neighbors
[2018-11-15 10:16:59,826: INFO/MainProcess] mingle: all alone
[2018-11-15 10:16:59,855: WARNING/MainProcess] /home/nike/.local/share/virtualenvs/celery_demo-_gn2Ynay/lib/python3.6/site-packages/djcelery/loaders.py:133: UserWarning: Using settings.DEBUG leads to a memory leak, never use this setting in production environments!
  warn('Using settings.DEBUG leads to a memory leak, never '
[2018-11-15 10:16:59,855: WARNING/MainProcess] celery@vm1804 ready.
[2018-11-15 10:17:00,356: INFO/MainProcess] Received task: demo-task[34c53ce2-fea7-4086-b927-584a3810ae9a]
[2018-11-15 10:17:00,358: WARNING/Worker-4] start task
[2018-11-15 10:17:03,671: INFO/MainProcess] Events of group {task} enabled by remote.
[2018-11-15 10:17:03,681: INFO/MainProcess] Received task: demo-task[286bbe8f-82f2-4100-8aa6-00dbbc53d016]
[2018-11-15 10:17:03,685: WARNING/Worker-2] start task
[2018-11-15 10:17:04,361: WARNING/Worker-4] args: (1, 2), kwargs: {}
[2018-11-15 10:17:04,361: WARNING/Worker-4] end task
[2018-11-15 10:17:04,364: INFO/MainProcess] Task demo-task[34c53ce2-fea7-4086-b927-584a3810ae9a] succeeded in 4.006058521999876s: None
[2018-11-15 10:17:07,690: WARNING/Worker-2] args: (1, 2), kwargs: {}
[2018-11-15 10:17:07,690: WARNING/Worker-2] end task
[2018-11-15 10:17:07,699: INFO/MainProcess] Task demo-task[286bbe8f-82f2-4100-8aa6-00dbbc53d016] succeeded in 4.013721982999414s: None
[2018-11-15 10:17:08,680: INFO/MainProcess] Received task: demo-task[a369a99b-7dd1-437b-b1d0-22a9b43ea534]
[2018-11-15 10:17:08,682: WARNING/Worker-3] start task
[2018-11-15 10:17:12,687: WARNING/Worker-3] args: (1, 2), kwargs: {}
[2018-11-15 10:17:12,687: WARNING/Worker-3] end task
[2018-11-15 10:17:12,700: INFO/MainProcess] Task demo-task[a369a99b-7dd1-437b-b1d0-22a9b43ea534] succeeded in 4.016684786000042s: None
[2018-11-15 10:17:13,684: INFO/MainProcess] Received task: demo-task[d8c6a158-4cf3-469b-9f78-f78130cc20d8]
[2018-11-15 10:17:13,688: WARNING/Worker-1] start task
[2018-11-15 10:17:17,694: WARNING/Worker-1] args: (1, 2), kwargs: {}
[2018-11-15 10:17:17,694: WARNING/Worker-1] end task
[2018-11-15 10:17:17,708: INFO/MainProcess] Task demo-task[d8c6a158-4cf3-469b-9f78-f78130cc20d8] succeeded in 4.016979103000267s: None
[2018-11-15 10:17:18,686: INFO/MainProcess] Received task: demo-task[fc83b7a5-49d3-4933-98c9-e65e0fa6a823]
[2018-11-15 10:17:18,693: WARNING/Worker-4] start task
[2018-11-15 10:17:22,698: WARNING/Worker-4] args: (1, 2), kwargs: {}
[2018-11-15 10:17:22,698: WARNING/Worker-4] end task
[2018-11-15 10:17:22,702: INFO/MainProcess] Task demo-task[fc83b7a5-49d3-4933-98c9-e65e0fa6a823] succeeded in 4.008795567000561s: None
[2018-11-15 10:17:23,681: INFO/MainProcess] Received task: demo-task[b7e151c0-3f16-4a30-88b7-74a78450ee9a]
[2018-11-15 10:17:23,682: WARNING/Worker-2] start task
[2018-11-15 10:17:27,687: WARNING/Worker-2] args: (1, 2), kwargs: {}
[2018-11-15 10:17:27,688: WARNING/Worker-2] end task
[2018-11-15 10:17:27,696: INFO/MainProcess] Task demo-task[b7e151c0-3f16-4a30-88b7-74a78450ee9a] succeeded in 4.011845868999444s: None
[2018-11-15 10:17:28,686: INFO/MainProcess] Received task: demo-task[ff3e9167-141d-4af8-bfaa-9d50b9e13bf3]
[2018-11-15 10:17:28,693: WARNING/Worker-3] start task
[2018-11-15 10:17:32,697: WARNING/Worker-3] args: (1, 2), kwargs: {}
[2018-11-15 10:17:32,697: WARNING/Worker-3] end task
[2018-11-15 10:17:32,704: INFO/MainProcess] Task demo-task[ff3e9167-141d-4af8-bfaa-9d50b9e13bf3] succeeded in 4.008993464000014s: None
[2018-11-15 10:17:33,684: INFO/MainProcess] Received task: demo-task[024033dd-9bd3-4faf-9898-259e1841531a]
[2018-11-15 10:17:33,687: WARNING/Worker-1] start task
[2018-11-15 10:17:37,693: WARNING/Worker-1] args: (1, 2), kwargs: {}
[2018-11-15 10:17:37,694: WARNING/Worker-1] end task
[2018-11-15 10:17:37,699: INFO/MainProcess] Task demo-task[024033dd-9bd3-4faf-9898-259e1841531a] succeeded in 4.010706069000662s: None
[2018-11-15 10:17:38,687: INFO/MainProcess] Received task: demo-task[0d310c8f-cdd2-4702-8082-f6d56e34948d]
[2018-11-15 10:17:38,694: WARNING/Worker-4] start task
[2018-11-15 10:17:42,697: WARNING/Worker-4] args: (1, 2), kwargs: {}
[2018-11-15 10:17:42,697: WARNING/Worker-4] end task
[2018-11-15 10:17:42,703: INFO/MainProcess] Task demo-task[0d310c8f-cdd2-4702-8082-f6d56e34948d] succeeded in 4.007452185000147s: None
[2018-11-15 10:17:43,688: INFO/MainProcess] Received task: demo-task[28a96705-af60-433c-b637-1e273f9de782]
[2018-11-15 10:17:43,693: WARNING/Worker-2] start task
[2018-11-15 10:17:47,697: WARNING/Worker-2] args: (1, 2), kwargs: {}
[2018-11-15 10:17:47,697: WARNING/Worker-2] end task
[2018-11-15 10:17:47,704: INFO/MainProcess] Task demo-task[28a96705-af60-433c-b637-1e273f9de782] succeeded in 4.008756687999266s: None
[2018-11-15 10:17:48,688: INFO/MainProcess] Received task: demo-task[d7405b7e-24fb-4d1c-9179-927ba1c62b84]
[2018-11-15 10:17:48,692: WARNING/Worker-3] start task
[2018-11-15 10:17:52,697: WARNING/Worker-3] args: (1, 2), kwargs: {}
[2018-11-15 10:17:52,697: WARNING/Worker-3] end task
[2018-11-15 10:17:52,705: INFO/MainProcess] Task demo-task[d7405b7e-24fb-4d1c-9179-927ba1c62b84] succeeded in 4.009968338999897s: None
[2018-11-15 10:17:53,691: INFO/MainProcess] Received task: demo-task[ac8de105-d8ab-49aa-87f7-2f32433c3fc9]
[2018-11-15 10:17:53,695: WARNING/Worker-1] start task
[2018-11-15 10:17:57,700: WARNING/Worker-1] args: (1, 2), kwargs: {}
[2018-11-15 10:17:57,701: WARNING/Worker-1] end task
[2018-11-15 10:17:57,702: INFO/MainProcess] Task demo-task[ac8de105-d8ab-49aa-87f7-2f32433c3fc9] succeeded in 4.007151292000344s: None
[2018-11-15 10:17:58,694: INFO/MainProcess] Received task: demo-task[ac638f6b-e925-4545-b326-008621ba0666]
[2018-11-15 10:17:58,699: WARNING/Worker-4] start task
[2018-11-15 10:18:02,701: WARNING/Worker-4] args: (1, 2), kwargs: {}
[2018-11-15 10:18:02,702: WARNING/Worker-4] end task
[2018-11-15 10:18:02,710: INFO/MainProcess] Task demo-task[ac638f6b-e925-4545-b326-008621ba0666] succeeded in 4.009080330999495s: None
[2018-11-15 10:18:03,696: INFO/MainProcess] Received task: demo-task[05ab00db-ceb5-4659-a28e-0663c977f3e2]
[2018-11-15 10:18:03,701: WARNING/Worker-2] start task
[2018-11-15 10:18:07,706: WARNING/Worker-2] args: (1, 2), kwargs: {}
[2018-11-15 10:18:07,707: WARNING/Worker-2] end task
[2018-11-15 10:18:07,716: INFO/MainProcess] Task demo-task[05ab00db-ceb5-4659-a28e-0663c977f3e2] succeeded in 4.013642059000631s: None
[2018-11-15 10:18:08,692: INFO/MainProcess] Received task: demo-task[c239c296-a09b-4b26-90a2-da95143c1abd]
[2018-11-15 10:18:08,694: WARNING/Worker-3] start task
[2018-11-15 10:18:12,698: WARNING/Worker-3] args: (1, 2), kwargs: {}
[2018-11-15 10:18:12,698: WARNING/Worker-3] end task
[2018-11-15 10:18:12,704: INFO/MainProcess] Task demo-task[c239c296-a09b-4b26-90a2-da95143c1abd] succeeded in 4.0071914050004125s: None
[2018-11-15 10:18:13,696: INFO/MainProcess] Received task: demo-task[5d0d3446-8485-4d59-9cb3-d4518ea55a45]
[2018-11-15 10:18:13,700: WARNING/Worker-1] start task
[2018-11-15 10:18:17,704: WARNING/Worker-1] args: (1, 2), kwargs: {}
[2018-11-15 10:18:17,704: WARNING/Worker-1] end task
[2018-11-15 10:18:17,712: INFO/MainProcess] Task demo-task[5d0d3446-8485-4d59-9cb3-d4518ea55a45] succeeded in 4.010350487998949s: None
[2018-11-15 10:18:18,696: INFO/MainProcess] Received task: demo-task[104dd63e-4389-407a-882e-3ae889a37b97]
[2018-11-15 10:18:18,701: WARNING/Worker-4] start task
[2018-11-15 10:18:22,706: WARNING/Worker-4] args: (1, 2), kwargs: {}
[2018-11-15 10:18:22,707: WARNING/Worker-4] end task
[2018-11-15 10:18:22,713: INFO/MainProcess] Task demo-task[104dd63e-4389-407a-882e-3ae889a37b97] succeeded in 4.010086584999954s: None
[2018-11-15 10:18:23,695: INFO/MainProcess] Received task: demo-task[b2355cc6-afa7-44be-ab75-7e31aaa969b2]
[2018-11-15 10:18:23,698: WARNING/Worker-2] start task
[2018-11-15 10:18:27,703: WARNING/Worker-2] args: (1, 2), kwargs: {}
[2018-11-15 10:18:27,704: WARNING/Worker-2] end task
[2018-11-15 10:18:27,706: INFO/MainProcess] Task demo-task[b2355cc6-afa7-44be-ab75-7e31aaa969b2] succeeded in 4.0080415310003445s: None
[2018-11-15 10:18:28,697: INFO/MainProcess] Received task: demo-task[394b9332-e7df-4d7a-8374-ffb8a9f658ac]
[2018-11-15 10:18:28,700: WARNING/Worker-3] start task
[2018-11-15 10:18:32,705: WARNING/Worker-3] args: (1, 2), kwargs: {}
[2018-11-15 10:18:32,705: WARNING/Worker-3] end task

worker: Warm shutdown (MainProcess)
[2018-11-15 10:18:32,934: INFO/MainProcess] Task demo-task[394b9332-e7df-4d7a-8374-ffb8a9f658ac] succeeded in 4.2325533849998465s: None
[2018-11-15 10:41:57,819: WARNING/MainProcess] /home/nike/.local/share/virtualenvs/celery_demo-_gn2Ynay/lib/python3.6/site-packages/celery/apps/worker.py:161: CDeprecationWarning: 
Starting from version 3.2 Celery will refuse to accept pickle by default.

The pickle serializer is a security concern as it may give attackers
the ability to execute any command.  It's important to secure
your broker from unauthorized access when using pickle, so we think
that enabling pickle should require a deliberate action and not be
the default choice.

If you depend on pickle then you should set a setting to disable this
warning and to be sure that everything will continue working
when you upgrade to Celery 3.2::

    CELERY_ACCEPT_CONTENT = ['pickle', 'json', 'msgpack', 'yaml']

You must only enable the serializers that you will actually use.


  warnings.warn(CDeprecationWarning(W_PICKLE_DEPRECATED))
[2018-11-15 10:41:58,052: INFO/MainProcess] Connected to redis://localhost:6379/1
[2018-11-15 10:41:58,059: INFO/MainProcess] mingle: searching for neighbors
[2018-11-15 10:41:59,065: INFO/MainProcess] mingle: all alone
[2018-11-15 10:41:59,076: WARNING/MainProcess] /home/nike/.local/share/virtualenvs/celery_demo-_gn2Ynay/lib/python3.6/site-packages/djcelery/loaders.py:133: UserWarning: Using settings.DEBUG leads to a memory leak, never use this setting in production environments!
  warn('Using settings.DEBUG leads to a memory leak, never '
[2018-11-15 10:41:59,076: WARNING/MainProcess] celery@vm1804 ready.
[2018-11-15 10:41:59,639: INFO/MainProcess] Received task: demo-task[eb68c043-e133-43dd-9da8-67a4498cdf54]
[2018-11-15 10:41:59,640: WARNING/Worker-4] start task
[2018-11-15 10:42:02,797: INFO/MainProcess] Events of group {task} enabled by remote.
[2018-11-15 10:42:02,815: INFO/MainProcess] Received task: demo-task[c136e8b6-edb5-41a4-a949-601b5793b625]
[2018-11-15 10:42:02,818: WARNING/Worker-2] start task
[2018-11-15 10:42:03,645: WARNING/Worker-4] args: (1, 2), kwargs: {}
[2018-11-15 10:42:03,645: WARNING/Worker-4] end task
[2018-11-15 10:42:03,652: INFO/MainProcess] Task demo-task[eb68c043-e133-43dd-9da8-67a4498cdf54] succeeded in 4.011417337000239s: None
[2018-11-15 10:42:06,821: WARNING/Worker-2] args: (1, 2), kwargs: {}
[2018-11-15 10:42:06,821: WARNING/Worker-2] end task
[2018-11-15 10:42:06,827: INFO/MainProcess] Task demo-task[c136e8b6-edb5-41a4-a949-601b5793b625] succeeded in 4.007362264001131s: None
[2018-11-15 10:42:07,816: INFO/MainProcess] Received task: demo-task[6e432026-9867-4110-ac95-7144da43278d]
[2018-11-15 10:42:07,817: WARNING/Worker-3] start task
[2018-11-15 10:42:11,822: WARNING/Worker-3] args: (1, 2), kwargs: {}
[2018-11-15 10:42:11,822: WARNING/Worker-3] end task
[2018-11-15 10:42:11,836: INFO/MainProcess] Task demo-task[6e432026-9867-4110-ac95-7144da43278d] succeeded in 4.017690692000542s: None
[2018-11-15 10:42:12,823: INFO/MainProcess] Received task: demo-task[2d75e295-d53c-4231-a6d2-c2472f75fe57]
[2018-11-15 10:42:12,828: WARNING/Worker-1] start task
[2018-11-15 10:42:16,834: WARNING/Worker-1] args: (1, 2), kwargs: {}
[2018-11-15 10:42:16,834: WARNING/Worker-1] end task
[2018-11-15 10:42:16,848: INFO/MainProcess] Task demo-task[2d75e295-d53c-4231-a6d2-c2472f75fe57] succeeded in 4.018759156999295s: None

worker: Warm shutdown (MainProcess)
[2018-11-15 10:42:36,252: WARNING/MainProcess] /home/nike/.local/share/virtualenvs/celery_demo-_gn2Ynay/lib/python3.6/site-packages/celery/apps/worker.py:161: CDeprecationWarning: 
Starting from version 3.2 Celery will refuse to accept pickle by default.

The pickle serializer is a security concern as it may give attackers
the ability to execute any command.  It's important to secure
your broker from unauthorized access when using pickle, so we think
that enabling pickle should require a deliberate action and not be
the default choice.

If you depend on pickle then you should set a setting to disable this
warning and to be sure that everything will continue working
when you upgrade to Celery 3.2::

    CELERY_ACCEPT_CONTENT = ['pickle', 'json', 'msgpack', 'yaml']

You must only enable the serializers that you will actually use.


  warnings.warn(CDeprecationWarning(W_PICKLE_DEPRECATED))
[2018-11-15 10:42:36,422: INFO/MainProcess] Connected to redis://localhost:6379/1
[2018-11-15 10:42:36,430: INFO/MainProcess] mingle: searching for neighbors
[2018-11-15 10:42:37,440: INFO/MainProcess] mingle: all alone
[2018-11-15 10:42:37,473: WARNING/MainProcess] /home/nike/.local/share/virtualenvs/celery_demo-_gn2Ynay/lib/python3.6/site-packages/djcelery/loaders.py:133: UserWarning: Using settings.DEBUG leads to a memory leak, never use this setting in production environments!
  warn('Using settings.DEBUG leads to a memory leak, never '
[2018-11-15 10:42:37,474: WARNING/MainProcess] celery@vm1804 ready.
[2018-11-15 10:42:37,962: INFO/MainProcess] Received task: demo-task[28080df7-1e91-4796-8590-ad36fac5cc57]
[2018-11-15 10:42:37,963: WARNING/Worker-4] start task
[2018-11-15 10:42:41,221: INFO/MainProcess] Events of group {task} enabled by remote.
[2018-11-15 10:42:41,287: INFO/MainProcess] Received task: demo-task[38bac906-c07a-4853-8556-8c529a797c09]
[2018-11-15 10:42:41,293: WARNING/Worker-2] start task
[2018-11-15 10:42:41,965: WARNING/Worker-4] args: (1, 2), kwargs: {}
[2018-11-15 10:42:41,965: WARNING/Worker-4] end task
[2018-11-15 10:42:41,968: INFO/MainProcess] Task demo-task[28080df7-1e91-4796-8590-ad36fac5cc57] succeeded in 4.004370063999886s: None
[2018-11-15 10:42:45,299: WARNING/Worker-2] args: (1, 2), kwargs: {}
[2018-11-15 10:42:45,299: WARNING/Worker-2] end task
[2018-11-15 10:42:45,302: INFO/MainProcess] Task demo-task[38bac906-c07a-4853-8556-8c529a797c09] succeeded in 4.010037034999186s: None
[2018-11-15 10:42:46,280: INFO/MainProcess] Received task: demo-task[18b7619f-2adf-4e32-a906-815db2fb61d8]
[2018-11-15 10:42:46,281: WARNING/Worker-3] start task
[2018-11-15 10:42:50,287: WARNING/Worker-3] args: (1, 2), kwargs: {}
[2018-11-15 10:42:50,287: WARNING/Worker-3] end task
[2018-11-15 10:42:50,297: INFO/MainProcess] Task demo-task[18b7619f-2adf-4e32-a906-815db2fb61d8] succeeded in 4.0127298979987245s: None
[2018-11-15 10:42:51,288: INFO/MainProcess] Received task: demo-task[de8aa72e-0e8a-4626-8a32-dcf5e1a49248]
[2018-11-15 10:42:51,294: WARNING/Worker-1] start task
[2018-11-15 10:42:55,300: WARNING/Worker-1] args: (1, 2), kwargs: {}
[2018-11-15 10:42:55,300: WARNING/Worker-1] end task
[2018-11-15 10:42:55,312: INFO/MainProcess] Task demo-task[de8aa72e-0e8a-4626-8a32-dcf5e1a49248] succeeded in 4.0162842529989575s: None
[2018-11-15 10:42:56,290: INFO/MainProcess] Received task: demo-task[d4c37dc5-c56b-4cdb-90e9-1486c0b75539]
[2018-11-15 10:42:56,301: WARNING/Worker-4] start task
[2018-11-15 10:43:00,306: WARNING/Worker-4] args: (1, 2), kwargs: {}
[2018-11-15 10:43:00,306: WARNING/Worker-4] end task
[2018-11-15 10:43:00,310: INFO/MainProcess] Task demo-task[d4c37dc5-c56b-4cdb-90e9-1486c0b75539] succeeded in 4.008804604000034s: None
[2018-11-15 10:43:01,287: INFO/MainProcess] Received task: demo-task[2718f6e3-16e1-48f8-a0ef-6b1aa4928183]
[2018-11-15 10:43:01,290: WARNING/Worker-2] start task
[2018-11-15 10:43:05,294: WARNING/Worker-2] args: (1, 2), kwargs: {}
[2018-11-15 10:43:05,295: WARNING/Worker-2] end task

worker: Warm shutdown (MainProcess)
[2018-11-15 10:43:05,478: INFO/MainProcess] Task demo-task[2718f6e3-16e1-48f8-a0ef-6b1aa4928183] succeeded in 4.186837219000154s: None
