 
 -------------- celery@vm1804 v3.1.26.post2 (Cipater)
---- **** ----- 
--- * ***  * -- Linux-4.15.0-38-generic-x86_64-with-Ubuntu-18.04-bionic
-- * - **** --- 
- ** ---------- [config]
- ** ---------- .> app:         default:0x7f899e270390 (djcelery.loaders.DjangoLoader)
- ** ---------- .> transport:   redis://localhost:6379/1
- ** ---------- .> results:     redis://localhost:6379/2
- *** --- * --- .> concurrency: 4 (prefork)
-- ******* ---- 
--- ***** ----- [queues]
 -------------- .> beat_tasks       exchange=beat_tasks(direct) key=beat_tasks
                .> work_queue       exchange=work_queue(direct) key=work_queue

[tasks]
  . demo-task

 
 -------------- celery@vm1804 v3.1.26.post2 (Cipater)
---- **** ----- 
--- * ***  * -- Linux-4.15.0-38-generic-x86_64-with-Ubuntu-18.04-bionic
-- * - **** --- 
- ** ---------- [config]
- ** ---------- .> app:         default:0x7f134dd32390 (djcelery.loaders.DjangoLoader)
- ** ---------- .> transport:   redis://localhost:6379/1
- ** ---------- .> results:     redis://localhost:6379/2
- *** --- * --- .> concurrency: 4 (prefork)
-- ******* ---- 
--- ***** ----- [queues]
 -------------- .> beat_tasks       exchange=beat_tasks(direct) key=beat_tasks
                .> work_queue       exchange=work_queue(direct) key=work_queue

[tasks]
  . demo-task

 
 -------------- celery@vm1804 v3.1.26.post2 (Cipater)
---- **** ----- 
--- * ***  * -- Linux-4.15.0-38-generic-x86_64-with-Ubuntu-18.04-bionic
-- * - **** --- 
- ** ---------- [config]
- ** ---------- .> app:         default:0x7f1d6ee7d390 (djcelery.loaders.DjangoLoader)
- ** ---------- .> transport:   redis://localhost:6379/1
- ** ---------- .> results:     redis://localhost:6379/2
- *** --- * --- .> concurrency: 4 (prefork)
-- ******* ---- 
--- ***** ----- [queues]
 -------------- .> beat_tasks       exchange=beat_tasks(direct) key=beat_tasks
                .> work_queue       exchange=work_queue(direct) key=work_queue

[tasks]
  . demo-task

 
 -------------- celery@vm1804 v3.1.26.post2 (Cipater)
---- **** ----- 
--- * ***  * -- Linux-4.15.0-38-generic-x86_64-with-Ubuntu-18.04-bionic
-- * - **** --- 
- ** ---------- [config]
- ** ---------- .> app:         default:0x7f9172d20320 (djcelery.loaders.DjangoLoader)
- ** ---------- .> transport:   redis://localhost:6379/1
- ** ---------- .> results:     redis://localhost:6379/2
- *** --- * --- .> concurrency: 4 (prefork)
-- ******* ---- 
--- ***** ----- [queues]
 -------------- .> beat_tasks       exchange=beat_tasks(direct) key=beat_tasks
                .> work_queue       exchange=work_queue(direct) key=work_queue

[tasks]
  . demo-task

 
 -------------- celery@vm1804 v3.1.26.post2 (Cipater)
---- **** ----- 
--- * ***  * -- Linux-4.15.0-38-generic-x86_64-with-Ubuntu-18.04-bionic
-- * - **** --- 
- ** ---------- [config]
- ** ---------- .> app:         default:0x7f8c0e09d390 (djcelery.loaders.DjangoLoader)
- ** ---------- .> transport:   redis://localhost:6379/1
- ** ---------- .> results:     redis://localhost:6379/2
- *** --- * --- .> concurrency: 4 (prefork)
-- ******* ---- 
--- ***** ----- [queues]
 -------------- .> beat_tasks       exchange=beat_tasks(direct) key=beat_tasks
                .> work_queue       exchange=work_queue(direct) key=work_queue

[tasks]
  . demo-task

